<?xml version="1.0" encoding="UTF-8"?>
<testng-results ignored="0" total="2" passed="2" failed="0" skipped="0">
  <reporter-output>
  </reporter-output>
  <suite started-at="2024-09-11T05:59:47 CDT" name="suite" finished-at="2024-09-11T05:59:47 CDT" duration-ms="29">
    <groups>
      <group name="logout">
        <method signature="Groups.testLogout()[pri:0, instance:org.testng.Groups@7f77e91b]" name="testLogout" class="org.testng.Groups"/>
      </group> <!-- logout -->
      <group name="userName">
        <method signature="Groups.testLoginWithValidCredentials()[pri:0, instance:org.testng.Groups@7f77e91b]" name="testLoginWithValidCredentials" class="org.testng.Groups"/>
      </group> <!-- userName -->
    </groups>
    <test started-at="2024-09-11T05:59:47 CDT" name="MetaGroupTest" finished-at="2024-09-11T05:59:47 CDT" duration-ms="29">
      <class name="org.testng.Groups">
        <test-method signature="testLoginWithValidCredentials()[pri:0, instance:org.testng.Groups@7f77e91b]" started-at="2024-09-11T05:59:47 CDT" name="testLoginWithValidCredentials" finished-at="2024-09-11T05:59:47 CDT" duration-ms="3" status="PASS">
          <reporter-output>
          </reporter-output>
        </test-method> <!-- testLoginWithValidCredentials -->
        <test-method signature="testLogout()[pri:0, instance:org.testng.Groups@7f77e91b]" started-at="2024-09-11T05:59:47 CDT" name="testLogout" finished-at="2024-09-11T05:59:47 CDT" duration-ms="2" status="PASS">
          <reporter-output>
          </reporter-output>
        </test-method> <!-- testLogout -->
      </class> <!-- org.testng.Groups -->
    </test> <!-- MetaGroupTest -->
  </suite> <!-- suite -->
</testng-results>
