<?xml version="1.0" encoding="UTF-8"?>
<!-- Generated by org.testng.reporters.JUnitXMLReporter -->
<testsuite ignored="2" hostname="Madhavis-Air" failures="0" tests="2" name="MetaGroupTest" time="0.029" errors="0" timestamp="2024-09-11T05:59:47 CDT">
  <testcase classname="org.testng.Groups" name="testLogout" time="0.002"/>
  <testcase classname="org.testng.Groups" name="testLoginWithValidCredentials" time="0.003"/>
  <testcase classname="org.testng.Groups" name="testUserPasswordChange" time="0.0">
    <ignored/>
  </testcase> <!-- testUserPasswordChange -->
  <testcase classname="org.testng.Groups" name="testUserRegistration" time="0.0">
    <ignored/>
  </testcase> <!-- testUserRegistration -->
</testsuite> <!-- MetaGroupTest -->
