<?xml version="1.0" encoding="UTF-8"?>
<!-- Generated by org.testng.reporters.JUnitXMLReporter -->
<testsuite ignored="0" hostname="Madhavis-Air" failures="0" tests="3" name="RegExpTest" time="0.02" errors="0" timestamp="2024-09-11T05:32:46 CDT">
  <testcase classname="org.testng.RegularExpression" name="testMethod1" time="0.002"/>
  <testcase classname="org.testng.RegularExpression" name="testMethod2" time="0.0"/>
  <testcase classname="org.testng.RegularExpression" name="testMethod3" time="0.0"/>
</testsuite> <!-- RegExpTest -->
