<?xml version="1.0" encoding="UTF-8"?>
<!-- Generated by org.testng.reporters.JUnitXMLReporter -->
<testsuite ignored="0" hostname="Madhavis-Air" failures="0" tests="3" name="Test" time="0.029" errors="0" timestamp="2024-09-11T05:18:07 CDT">
  <testcase classname="org.testng.MetaGroup" name="testMethod3" time="0.003"/>
  <testcase classname="org.testng.MetaGroup" name="testMethod2" time="0.003"/>
  <testcase classname="org.testng.MetaGroup" name="testMethod1" time="0.003"/>
</testsuite> <!-- Test -->
